<?xml version="1.0" encoding="UTF-8"?>
<testng-results skipped="0" failed="0" total="1" passed="1">
  <reporter-output>
  </reporter-output>
  <suite name="Surefire suite" duration-ms="7522" started-at="2021-01-09T09:06:12Z" finished-at="2021-01-09T09:06:20Z">
    <groups>
    </groups>
    <test name="Surefire test" duration-ms="7522" started-at="2021-01-09T09:06:12Z" finished-at="2021-01-09T09:06:20Z">
      <class name="test.java.com.learn.Maven.myProjectMaven.HelloWorldTest">
        <test-method status="PASS" signature="Login()[pri:0, instance:test.java.com.learn.Maven.myProjectMaven.HelloWorldTest@38082d64]" name="Login" duration-ms="7510" started-at="2021-01-09T02:06:12Z" finished-at="2021-01-09T02:06:20Z">
          <reporter-output>
          </reporter-output>
        </test-method> <!-- Login -->
      </class> <!-- test.java.com.learn.Maven.myProjectMaven.HelloWorldTest -->
    </test> <!-- Surefire test -->
  </suite> <!-- Surefire suite -->
</testng-results>
